# JRE version: OpenJDK Runtime Environment (8.0_272-b10) (build 1.8.0_272-b10)
# Java VM: OpenJDK 64-Bit Server VM (25.272-b10 mixed mode linux-amd64 compressed oops)
Heap:
 PSYoungGen      total 11776K, used 3685K [0x00000000d6800000, 0x00000000d7980000, 0x0000000100000000)
  eden space 9728K, 21% used [0x00000000d6800000,0x00000000d6a16fe8,0x00000000d7180000)
  from space 2048K, 75% used [0x00000000d7780000,0x00000000d79027b8,0x00000000d7980000)
  to   space 3584K, 0% used [0x00000000d7280000,0x00000000d7280000,0x00000000d7600000)
 ParOldGen       total 11264K, used 5233K [0x0000000083800000, 0x0000000084300000, 0x00000000d6800000)
  object space 11264K, 46% used [0x0000000083800000,0x0000000083d1c508,0x0000000084300000)
 Metaspace       used 7838K, capacity 8596K, committed 8704K, reserved 1056768K
  class space    used 936K, capacity 976K, committed 1024K, reserved 1048576K
GC Heap History (10 events):
Event: 0.140 GC heap before
{Heap before GC invocations=3 (full 0):
 PSYoungGen      total 3584K, used 3584K [0x00000000d6800000, 0x00000000d6c00000, 0x0000000100000000)
  eden space 3072K, 100% used [0x00000000d6800000,0x00000000d6b00000,0x00000000d6b00000)
  from space 512K, 100% used [0x00000000d6b80000,0x00000000d6c00000,0x00000000d6c00000)
  to   space 512K, 0% used [0x00000000d6b00000,0x00000000d6b00000,0x00000000d6b80000)
 ParOldGen       total 5632K, used 152K [0x0000000083800000, 0x0000000083d80000, 0x00000000d6800000)
  object space 5632K, 2% used [0x0000000083800000,0x0000000083826010,0x0000000083d80000)
 Metaspace       used 5057K, capacity 6348K, committed 6656K, reserved 1056768K
  class space    used 603K, capacity 648K, committed 768K, reserved 1048576K
Event: 0.143 GC heap after
Heap after GC invocations=3 (full 0):
 PSYoungGen      total 3584K, used 480K [0x00000000d6800000, 0x00000000d6f00000, 0x0000000100000000)
  eden space 3072K, 0% used [0x00000000d6800000,0x00000000d6800000,0x00000000d6b00000)
  from space 512K, 93% used [0x00000000d6b00000,0x00000000d6b78030,0x00000000d6b80000)
  to   space 512K, 0% used [0x00000000d6e80000,0x00000000d6e80000,0x00000000d6f00000)
 ParOldGen       total 5632K, used 476K [0x0000000083800000, 0x0000000083d80000, 0x00000000d6800000)
  object space 5632K, 8% used [0x0000000083800000,0x0000000083877050,0x0000000083d80000)
 Metaspace       used 5057K, capacity 6348K, committed 6656K, reserved 1056768K
  class space    used 603K, capacity 648K, committed 768K, reserved 1048576K
}
Event: 0.186 GC heap before
{Heap before GC invocations=4 (full 0):
 PSYoungGen      total 3584K, used 3552K [0x00000000d6800000, 0x00000000d6f00000, 0x0000000100000000)
  eden space 3072K, 100% used [0x00000000d6800000,0x00000000d6b00000,0x00000000d6b00000)
  from space 512K, 93% used [0x00000000d6b00000,0x00000000d6b78030,0x00000000d6b80000)
  to   space 512K, 0% used [0x00000000d6e80000,0x00000000d6e80000,0x00000000d6f00000)
 ParOldGen       total 5632K, used 476K [0x0000000083800000, 0x0000000083d80000, 0x00000000d6800000)
  object space 5632K, 8% used [0x0000000083800000,0x0000000083877050,0x0000000083d80000)
 Metaspace       used 6163K, capacity 7308K, committed 7552K, reserved 1056768K
  class space    used 755K, capacity 776K, committed 896K, reserved 1048576K
Event: 0.193 GC heap after
Heap after GC invocations=4 (full 0):
 PSYoungGen      total 6656K, used 480K [0x00000000d6800000, 0x00000000d6f00000, 0x0000000100000000)
  eden space 6144K, 0% used [0x00000000d6800000,0x00000000d6800000,0x00000000d6e00000)
  from space 512K, 93% used [0x00000000d6e80000,0x00000000d6ef8010,0x00000000d6f00000)
  to   space 512K, 0% used [0x00000000d6e00000,0x00000000d6e00000,0x00000000d6e80000)
 ParOldGen       total 5632K, used 881K [0x0000000083800000, 0x0000000083d80000, 0x00000000d6800000)
  object space 5632K, 15% used [0x0000000083800000,0x00000000838dc570,0x0000000083d80000)
 Metaspace       used 6163K, capacity 7308K, committed 7552K, reserved 1056768K
  class space    used 755K, capacity 776K, committed 896K, reserved 1048576K
}
Event: 0.253 GC heap before
{Heap before GC invocations=5 (full 0):
 PSYoungGen      total 6656K, used 6624K [0x00000000d6800000, 0x00000000d6f00000, 0x0000000100000000)
  eden space 6144K, 100% used [0x00000000d6800000,0x00000000d6e00000,0x00000000d6e00000)
  from space 512K, 93% used [0x00000000d6e80000,0x00000000d6ef8010,0x00000000d6f00000)
  to   space 512K, 0% used [0x00000000d6e00000,0x00000000d6e00000,0x00000000d6e80000)
 ParOldGen       total 5632K, used 881K [0x0000000083800000, 0x0000000083d80000, 0x00000000d6800000)
  object space 5632K, 15% used [0x0000000083800000,0x00000000838dc570,0x0000000083d80000)
 Metaspace       used 7226K, capacity 8084K, committed 8448K, reserved 1056768K
  class space    used 878K, capacity 912K, committed 1024K, reserved 1048576K
Event: 0.262 GC heap after
Heap after GC invocations=5 (full 0):
 PSYoungGen      total 6656K, used 496K [0x00000000d6800000, 0x00000000d7b00000, 0x0000000100000000)
  eden space 6144K, 0% used [0x00000000d6800000,0x00000000d6800000,0x00000000d6e00000)
  from space 512K, 96% used [0x00000000d6e00000,0x00000000d6e7c020,0x00000000d6e80000)
  to   space 3584K, 0% used [0x00000000d7780000,0x00000000d7780000,0x00000000d7b00000)
 ParOldGen       total 5632K, used 4849K [0x0000000083800000, 0x0000000083d80000, 0x00000000d6800000)
  object space 5632K, 86% used [0x0000000083800000,0x0000000083cbc4a0,0x0000000083d80000)
 Metaspace       used 7226K, capacity 8084K, committed 8448K, reserved 1056768K
  class space    used 878K, capacity 912K, committed 1024K, reserved 1048576K
}
Event: 0.262 GC heap before
{Heap before GC invocations=6 (full 1):
 PSYoungGen      total 6656K, used 496K [0x00000000d6800000, 0x00000000d7b00000, 0x0000000100000000)
  eden space 6144K, 0% used [0x00000000d6800000,0x00000000d6800000,0x00000000d6e00000)
  from space 512K, 96% used [0x00000000d6e00000,0x00000000d6e7c020,0x00000000d6e80000)
  to   space 3584K, 0% used [0x00000000d7780000,0x00000000d7780000,0x00000000d7b00000)
 ParOldGen       total 5632K, used 4849K [0x0000000083800000, 0x0000000083d80000, 0x00000000d6800000)
  object space 5632K, 86% used [0x0000000083800000,0x0000000083cbc4a0,0x0000000083d80000)
 Metaspace       used 7226K, capacity 8084K, committed 8448K, reserved 1056768K
  class space    used 878K, capacity 912K, committed 1024K, reserved 1048576K
Event: 0.285 GC heap after
Heap after GC invocations=6 (full 1):
 PSYoungGen      total 6656K, used 0K [0x00000000d6800000, 0x00000000d7b00000, 0x0000000100000000)
  eden space 6144K, 0% used [0x00000000d6800000,0x00000000d6800000,0x00000000d6e00000)
  from space 512K, 0% used [0x00000000d6e00000,0x00000000d6e00000,0x00000000d6e80000)
  to   space 3584K, 0% used [0x00000000d7780000,0x00000000d7780000,0x00000000d7b00000)
 ParOldGen       total 11264K, used 5233K [0x0000000083800000, 0x0000000084300000, 0x00000000d6800000)
  object space 11264K, 46% used [0x0000000083800000,0x0000000083d1c508,0x0000000084300000)
 Metaspace       used 7226K, capacity 8084K, committed 8448K, reserved 1056768K
  class space    used 878K, capacity 912K, committed 1024K, reserved 1048576K
}
Event: 0.329 GC heap before
{Heap before GC invocations=7 (full 1):
 PSYoungGen      total 6656K, used 6144K [0x00000000d6800000, 0x00000000d7b00000, 0x0000000100000000)
  eden space 6144K, 100% used [0x00000000d6800000,0x00000000d6e00000,0x00000000d6e00000)
  from space 512K, 0% used [0x00000000d6e00000,0x00000000d6e00000,0x00000000d6e80000)
  to   space 3584K, 0% used [0x00000000d7780000,0x00000000d7780000,0x00000000d7b00000)
 ParOldGen       total 11264K, used 5233K [0x0000000083800000, 0x0000000084300000, 0x00000000d6800000)
  object space 11264K, 46% used [0x0000000083800000,0x0000000083d1c508,0x0000000084300000)
 Metaspace       used 7474K, capacity 8308K, committed 8448K, reserved 1056768K
  class space    used 896K, capacity 944K, committed 1024K, reserved 1048576K
Event: 0.332 GC heap after
Heap after GC invocations=7 (full 1):
 PSYoungGen      total 11776K, used 1545K [0x00000000d6800000, 0x00000000d7980000, 0x0000000100000000)
  eden space 9728K, 0% used [0x00000000d6800000,0x00000000d6800000,0x00000000d7180000)
  from space 2048K, 75% used [0x00000000d7780000,0x00000000d79027b8,0x00000000d7980000)
  to   space 3584K, 0% used [0x00000000d7280000,0x00000000d7280000,0x00000000d7600000)
 ParOldGen       total 11264K, used 5233K [0x0000000083800000, 0x0000000084300000, 0x00000000d6800000)
  object space 11264K, 46% used [0x0000000083800000,0x0000000083d1c508,0x0000000084300000)
 Metaspace       used 7474K, capacity 8308K, committed 8448K, reserved 1056768K
  class space    used 896K, capacity 944K, committed 1024K, reserved 1048576K
}

